;;; -*- Mode: Lisp; Syntax: ANSI-Common-Lisp; Base: 10 -*-

((VECTOR-2-ELTS (QUICKSORT-SIMPLE 0.10199998 0.116006 0.0 36816)
  (QUICKSORT-WITH-MEAN 0.114 0.116005 0.0 0)
  (QUICKSORT-STABLE 0.184 0.16801101 0.024 16015360)
  (MERGE-SORT 0.132 0.12000701 0.012002 16015360)
  (HEAPSORT 0.132 0.13600901 0.0 0)
  (INSERTION-SORT 0.08600001 0.08800501 0.0 0)
  (BUBBLE-SORT 0.065000005 0.068004005 0.0 40920)
  (SELECTION-SORT 0.065000005 0.076004006 0.0 0))
 (VECTOR-4-ELTS (QUICKSORT-SIMPLE 0.243 0.24401599 0.004 0)
  (QUICKSORT-WITH-MEAN 0.34600002 0.340021 0.0 0)
  (QUICKSORT-STABLE 0.589 0.55603504 0.036001 23990560)
  (MERGE-SORT 0.329 0.32802 0.008 23990480)
  (HEAPSORT 0.444 0.44802898 0.0 0)
  (INSERTION-SORT 0.354 0.352023 0.004001 0)
  (BUBBLE-SORT 0.259 0.26001498 0.0 0)
  (SELECTION-SORT 0.25700003 0.252017 0.0 0))
 (VECTOR-6-ELTS (QUICKSORT-SIMPLE 0.463 0.456031 0.0 0)
  (QUICKSORT-WITH-MEAN 0.753 0.756046 0.0 0)
  (QUICKSORT-STABLE 1.1250001 1.0760651 0.056004 31989520)
  (MERGE-SORT 0.629 0.61604 0.008 31989760)
  (HEAPSORT 0.95500004 0.94405997 0.004 0)
  (INSERTION-SORT 0.665 0.66404295 0.0 0)
  (BUBBLE-SORT 0.545 0.536033 0.0 0)
  (SELECTION-SORT 0.597 0.596038 0.004001 0))
 (VECTOR-8-ELTS (QUICKSORT-SIMPLE 0.741 0.7280429 0.0 0)
  (QUICKSORT-WITH-MEAN 1.205 1.212075 0.004 0)
  (QUICKSORT-STABLE 1.6819999 1.636102 0.048001 40024800)
  (MERGE-SORT 0.92300004 0.912058 0.016001001 39984000)
  (HEAPSORT 1.5550001 1.544097 0.008 0)
  (INSERTION-SORT 1.08 1.076067 0.004 0)
  (BUBBLE-SORT 1.0070001 1.012063 0.0 0)
  (SELECTION-SORT 1.061 1.060066 0.004001 0))
 (VECTOR-10-ELTS (QUICKSORT-SIMPLE 1.007 0.996062 0.004 0)
  (QUICKSORT-WITH-MEAN 1.836 1.8321161 0.008 0)
  (QUICKSORT-STABLE 2.347 2.2961428 0.044003002 48021520)
  (MERGE-SORT 1.2760001 1.2360771 0.028001 48021600)
  (HEAPSORT 2.1330001 2.124133 0.012001 0)
  (INSERTION-SORT 1.767 1.7681121 0.004 0)
  (BUBBLE-SORT 1.597 1.5961009 0.0 0)
  (SELECTION-SORT 1.5680001 1.556099 0.008 0))
 (VECTOR-12-ELTS (QUICKSORT-SIMPLE 1.3849999 1.368087 0.004 0)
  (QUICKSORT-WITH-MEAN 2.2680001 2.25614 0.008 0)
  (QUICKSORT-STABLE 2.926 2.8561783 0.064003 56005360)
  (MERGE-SORT 1.663 1.6361 0.024001 56005440)
  (HEAPSORT 2.941 2.896181 0.008 0)
  (INSERTION-SORT 2.3950002 2.3801491 0.008001 0)
  (BUBBLE-SORT 2.1890001 2.176137 0.0 0)
  (SELECTION-SORT 2.239 2.244141 0.0 0))
 (VECTOR-14-ELTS (QUICKSORT-SIMPLE 1.781 1.7841119 0.0 336)
  (QUICKSORT-WITH-MEAN 2.7020001 2.688168 0.004 560)
  (QUICKSORT-STABLE 4.6709995 4.436277 0.23601499 64019736)
  (MERGE-SORT 2.545 2.368149 0.176011 64020000)
  (HEAPSORT 3.6729999 3.668229 0.0 504)
  (INSERTION-SORT 3.1839998 3.1761978 0.0 504)
  (BUBBLE-SORT 3.203 3.188199 0.012001 336)
  (SELECTION-SORT 3.007 3.008189 0.008 504))
 (VECTOR-16-ELTS (QUICKSORT-SIMPLE 2.096 2.084127 0.004 0)
  (QUICKSORT-WITH-MEAN 3.2739997 3.268205 0.008001 0)
  (QUICKSORT-STABLE 5.219 4.9123073 0.300021 71973392)
  (MERGE-SORT 3.753 3.584224 0.17601 72012224)
  (HEAPSORT 4.455 4.440278 0.004 0)
  (INSERTION-SORT 3.947 3.9402459 0.004 0)
  (BUBBLE-SORT 4.138 4.1202564 0.004 0)
  (SELECTION-SORT 3.886 3.884244 0.0 0))
 (VECTOR-18-ELTS (QUICKSORT-SIMPLE 2.687 2.688168 0.0 240)
  (QUICKSORT-WITH-MEAN 4.02 4.016252 0.0 216)
  (QUICKSORT-STABLE 6.6390004 6.396399 0.244014 79967680)
  (MERGE-SORT 3.961 3.808237 0.15601 80008400)
  (HEAPSORT 5.329 5.316335 0.012002 240)
  (INSERTION-SORT 5.15 5.1163197 0.020001002 192)
  (BUBBLE-SORT 5.214 5.204325 0.004001 240)
  (SELECTION-SORT 4.902 4.900308 0.004 192))
 (VECTOR-20-ELTS (QUICKSORT-SIMPLE 3.0319998 3.0361888 0.0 640)
  (QUICKSORT-WITH-MEAN 5.011 5.0043144 0.004 576)
  (QUICKSORT-STABLE 6.974 6.7084184 0.268019 88003816)
  (MERGE-SORT 4.4719996 4.2402654 0.224014 88003584)
  (HEAPSORT 6.21 6.2083898 0.004 576)
  (INSERTION-SORT 6.2559996 6.2403917 0.008 576)
  (BUBBLE-SORT 6.466 6.4484015 0.004 640)
  (SELECTION-SORT 6.064 6.05638 0.012001 576)))

 ;; Group SMALL-NUMERIC-VECTORS

 ;;                   QUICKSORT-SIMPLE     QUICKSORT-WITH-MEAN  QUICKSORT-STABLE  MERGE-SORT  HEAPSORT  INSERTION-SORT  BUBBLE-SORT  SELECTION-SORT
 ;;  VECTOR-2-ELTS    [0.102s]             1.118                1.804             1.294       1.294     0.843           0.637        0.637
 ;;  VECTOR-4-ELTS    [0.243s]             1.424                2.424             1.354       1.827     1.457           1.066        1.058
 ;;  VECTOR-6-ELTS    [0.463s]             1.626                2.430             1.359       2.063     1.436           1.177        1.289
 ;;  VECTOR-8-ELTS    [0.741s]             1.626                2.270             1.246       2.099     1.457           1.359        1.432
 ;;  VECTOR-10-ELTS   [1.007s]             1.823                2.331             1.267       2.118     1.755           1.586        1.557
 ;;  VECTOR-12-ELTS   [1.385s]             1.638                2.113             1.201       2.123     1.729           1.581        1.617
 ;;  VECTOR-14-ELTS   [1.781s]             1.517                2.623             1.429       2.062     1.788           1.798        1.688
 ;;  VECTOR-16-ELTS   [2.096s]             1.562                2.490             1.791       2.125     1.883           1.974        1.854
 ;;  VECTOR-18-ELTS   [2.687s]             1.496                2.471             1.474       1.983     1.917           1.940        1.824
 ;;  VECTOR-20-ELTS   [3.032s]             1.653                2.300             1.475       2.048     2.063           2.133        2.000

